########### array before sorts ###########
0	22.860000	5.080000	78.410000	5.080000	n
1	78.410000	5.080000	78.410000	80.000000	n
2	78.410000	80.000000	22.860000	80.000000	n
3	22.860000	80.000000	22.860000	5.080000	n
Tolerance=0.050000.
*Exact match for i=0 and j=1.
*i point 22.860000	5.080000	78.410000	5.080000	y
*Exact match for i=1 and j=2.
*i point 78.410000	5.080000	78.410000	80.000000	y
*Exact match for i=2 and j=3.
*i point 78.410000	80.000000	22.860000	80.000000	y
########### array after sorts ###########
0	22.860000	5.080000	78.410000	5.080000	y
1	78.410000	5.080000	78.410000	80.000000	y
2	78.410000	80.000000	22.860000	80.000000	y
3	22.860000	80.000000	22.860000	5.080000	y
***************
.BOARD_OUTLINE UNOWNED
1.6
0     22.860000     5.080000     0
0     78.410000     5.080000     0
0     78.410000     80.000000     0
0     22.860000     80.000000     0
0     22.860000     5.080000     0
